e:\depotsim\trunk\sys\zam61850\visualgdb\release\libzam.so
e:\depotsim\trunk\sys\zam61850\libzam\visualgdb\release\libzam.o
e:\depotsim\trunk\sys\zam61850\libzam\visualgdb\release\zamcod.o
e:\depotsim\trunk\sys\zam61850\libzam\visualgdb\release\zamlog.o
e:\depotsim\trunk\sys\zam61850\libzam\visualgdb\release\zamsql.o
e:\depotsim\trunk\sys\zam61850\libzam\visualgdb\release\zamtcp.o
e:\depotsim\trunk\sys\zam61850\libzam\visualgdb\release\zamvar.o
e:\depotsim\trunk\sys\zam61850\libzam\visualgdb\release\libzam.dep
e:\depotsim\trunk\sys\zam61850\libzam\visualgdb\release\zamcod.dep
e:\depotsim\trunk\sys\zam61850\libzam\visualgdb\release\zamlog.dep
e:\depotsim\trunk\sys\zam61850\libzam\visualgdb\release\zamsql.dep
e:\depotsim\trunk\sys\zam61850\libzam\visualgdb\release\zamtcp.dep
e:\depotsim\trunk\sys\zam61850\libzam\visualgdb\release\zamvar.dep
e:\depotsim\trunk\sys\zam61850\libzam\visualgdb\release\libzam.gcc.rsp
e:\depotsim\trunk\sys\zam61850\libzam\visualgdb\release\zamcod.gcc.rsp
e:\depotsim\trunk\sys\zam61850\libzam\visualgdb\release\zamlog.gcc.rsp
e:\depotsim\trunk\sys\zam61850\libzam\visualgdb\release\zamsql.gcc.rsp
e:\depotsim\trunk\sys\zam61850\libzam\visualgdb\release\zamtcp.gcc.rsp
e:\depotsim\trunk\sys\zam61850\libzam\visualgdb\release\zamvar.gcc.rsp
e:\depotsim\trunk\sys\zam61850\libzam\visualgdb\release\libzam.msbuild-mak
e:\depotsim\trunk\sys\zam61850\libzam\visualgdb\release\libzam.alldeps
